<?xml version="1.0" encoding="UTF-8" standalone="yes"?><!DOCTYPE report PUBLIC "-//JACOCO//DTD Report 1.0//EN" "report.dtd"><report name="bank-poc-application"><sessioninfo id="zup-94cf057d" start="1540830911052" dump="1540830912074"/><package name="com/example/application/exception"><class name="com/example/application/exception/BusinessException"><method name="&lt;init&gt;" desc="(Ljava/lang/String;Ljava/lang/String;Ljava/lang/String;)V" line="9"><counter type="INSTRUCTION" missed="0" covered="10"/><counter type="LINE" missed="0" covered="4"/><counter type="COMPLEXITY" missed="0" covered="1"/><counter type="METHOD" missed="0" covered="1"/></method><method name="&lt;init&gt;" desc="(Ljava/lang/String;Ljava/lang/String;)V" line="15"><counter type="INSTRUCTION" missed="7" covered="0"/><counter type="LINE" missed="3" covered="0"/><counter type="COMPLEXITY" missed="1" covered="0"/><counter type="METHOD" missed="1" covered="0"/></method><method name="&lt;init&gt;" desc="(Ljava/lang/String;)V" line="20"><counter type="INSTRUCTION" missed="4" covered="0"/><counter type="LINE" missed="2" covered="0"/><counter type="COMPLEXITY" missed="1" covered="0"/><counter type="METHOD" missed="1" covered="0"/></method><method name="getField" desc="()Ljava/lang/String;" line="24"><counter type="INSTRUCTION" missed="0" covered="3"/><counter type="LINE" missed="0" covered="1"/><counter type="COMPLEXITY" missed="0" covered="1"/><counter type="METHOD" missed="0" covered="1"/></method><method name="getError" desc="()Ljava/lang/String;" line="28"><counter type="INSTRUCTION" missed="0" covered="3"/><counter type="LINE" missed="0" covered="1"/><counter type="COMPLEXITY" missed="0" covered="1"/><counter type="METHOD" missed="0" covered="1"/></method><counter type="INSTRUCTION" missed="11" covered="16"/><counter type="LINE" missed="5" covered="6"/><counter type="COMPLEXITY" missed="2" covered="3"/><counter type="METHOD" missed="2" covered="3"/><counter type="CLASS" missed="0" covered="1"/></class><class name="com/example/application/exception/NotFoundException"><method name="&lt;init&gt;" desc="(Ljava/lang/String;Ljava/lang/String;Ljava/lang/String;)V" line="10"><counter type="INSTRUCTION" missed="0" covered="10"/><counter type="LINE" missed="0" covered="4"/><counter type="COMPLEXITY" missed="0" covered="1"/><counter type="METHOD" missed="0" covered="1"/></method><method name="&lt;init&gt;" desc="(Ljava/lang/String;)V" line="16"><counter type="INSTRUCTION" missed="4" covered="0"/><counter type="LINE" missed="2" covered="0"/><counter type="COMPLEXITY" missed="1" covered="0"/><counter type="METHOD" missed="1" covered="0"/></method><method name="getField" desc="()Ljava/lang/String;" line="20"><counter type="INSTRUCTION" missed="0" covered="3"/><counter type="LINE" missed="0" covered="1"/><counter type="COMPLEXITY" missed="0" covered="1"/><counter type="METHOD" missed="0" covered="1"/></method><method name="getError" desc="()Ljava/lang/String;" line="24"><counter type="INSTRUCTION" missed="0" covered="3"/><counter type="LINE" missed="0" covered="1"/><counter type="COMPLEXITY" missed="0" covered="1"/><counter type="METHOD" missed="0" covered="1"/></method><counter type="INSTRUCTION" missed="4" covered="16"/><counter type="LINE" missed="2" covered="6"/><counter type="COMPLEXITY" missed="1" covered="3"/><counter type="METHOD" missed="1" covered="3"/><counter type="CLASS" missed="0" covered="1"/></class><sourcefile name="NotFoundException.java"><line nr="10" mi="0" ci="3" mb="0" cb="0"/><line nr="11" mi="0" ci="3" mb="0" cb="0"/><line nr="12" mi="0" ci="3" mb="0" cb="0"/><line nr="13" mi="0" ci="1" mb="0" cb="0"/><line nr="16" mi="3" ci="0" mb="0" cb="0"/><line nr="17" mi="1" ci="0" mb="0" cb="0"/><line nr="20" mi="0" ci="3" mb="0" cb="0"/><line nr="24" mi="0" ci="3" mb="0" cb="0"/><counter type="INSTRUCTION" missed="4" covered="16"/><counter type="LINE" missed="2" covered="6"/><counter type="COMPLEXITY" missed="1" covered="3"/><counter type="METHOD" missed="1" covered="3"/><counter type="CLASS" missed="0" covered="1"/></sourcefile><sourcefile name="BusinessException.java"><line nr="9" mi="0" ci="3" mb="0" cb="0"/><line nr="10" mi="0" ci="3" mb="0" cb="0"/><line nr="11" mi="0" ci="3" mb="0" cb="0"/><line nr="12" mi="0" ci="1" mb="0" cb="0"/><line nr="15" mi="3" ci="0" mb="0" cb="0"/><line nr="16" mi="3" ci="0" mb="0" cb="0"/><line nr="17" mi="1" ci="0" mb="0" cb="0"/><line nr="20" mi="3" ci="0" mb="0" cb="0"/><line nr="21" mi="1" ci="0" mb="0" cb="0"/><line nr="24" mi="0" ci="3" mb="0" cb="0"/><line nr="28" mi="0" ci="3" mb="0" cb="0"/><counter type="INSTRUCTION" missed="11" covered="16"/><counter type="LINE" missed="5" covered="6"/><counter type="COMPLEXITY" missed="2" covered="3"/><counter type="METHOD" missed="2" covered="3"/><counter type="CLASS" missed="0" covered="1"/></sourcefile><counter type="INSTRUCTION" missed="15" covered="32"/><counter type="LINE" missed="7" covered="12"/><counter type="COMPLEXITY" missed="3" covered="6"/><counter type="METHOD" missed="3" covered="6"/><counter type="CLASS" missed="0" covered="2"/></package><package name="com/example/application"><class name="com/example/application/BankPocApplication"><method name="&lt;init&gt;" desc="()V" line="10"><counter type="INSTRUCTION" missed="3" covered="0"/><counter type="LINE" missed="1" covered="0"/><counter type="COMPLEXITY" missed="1" covered="0"/><counter type="METHOD" missed="1" covered="0"/></method><method name="main" desc="([Ljava/lang/String;)V" line="13"><counter type="INSTRUCTION" missed="5" covered="0"/><counter type="LINE" missed="2" covered="0"/><counter type="COMPLEXITY" missed="1" covered="0"/><counter type="METHOD" missed="1" covered="0"/></method><method name="run" desc="([Ljava/lang/String;)V" line="19"><counter type="INSTRUCTION" missed="1" covered="0"/><counter type="LINE" missed="1" covered="0"/><counter type="COMPLEXITY" missed="1" covered="0"/><counter type="METHOD" missed="1" covered="0"/></method><counter type="INSTRUCTION" missed="9" covered="0"/><counter type="LINE" missed="4" covered="0"/><counter type="COMPLEXITY" missed="3" covered="0"/><counter type="METHOD" missed="3" covered="0"/><counter type="CLASS" missed="1" covered="0"/></class><sourcefile name="BankPocApplication.java"><line nr="10" mi="3" ci="0" mb="0" cb="0"/><line nr="13" mi="4" ci="0" mb="0" cb="0"/><line nr="14" mi="1" ci="0" mb="0" cb="0"/><line nr="19" mi="1" ci="0" mb="0" cb="0"/><counter type="INSTRUCTION" missed="9" covered="0"/><counter type="LINE" missed="4" covered="0"/><counter type="COMPLEXITY" missed="3" covered="0"/><counter type="METHOD" missed="3" covered="0"/><counter type="CLASS" missed="1" covered="0"/></sourcefile><counter type="INSTRUCTION" missed="9" covered="0"/><counter type="LINE" missed="4" covered="0"/><counter type="COMPLEXITY" missed="3" covered="0"/><counter type="METHOD" missed="3" covered="0"/><counter type="CLASS" missed="1" covered="0"/></package><package name="com/example/application/interceptor"><class name="com/example/application/interceptor/ControllerExceptionHandler"><method name="&lt;init&gt;" desc="()V" line="19"><counter type="INSTRUCTION" missed="0" covered="3"/><counter type="LINE" missed="0" covered="1"/><counter type="COMPLEXITY" missed="0" covered="1"/><counter type="METHOD" missed="0" covered="1"/></method><method name="processValidationError" desc="(Lorg/springframework/web/bind/MethodArgumentNotValidException;)Ljava/util/List;" line="26"><counter type="INSTRUCTION" missed="36" covered="0"/><counter type="BRANCH" missed="2" covered="0"/><counter type="LINE" missed="5" covered="0"/><counter type="COMPLEXITY" missed="2" covered="0"/><counter type="METHOD" missed="1" covered="0"/></method><method name="processValidationErrorIntern" desc="(Lcom/example/application/exception/BusinessException;)Lcom/example/application/interceptor/MessageBuilder;" line="39"><counter type="INSTRUCTION" missed="0" covered="18"/><counter type="LINE" missed="0" covered="5"/><counter type="COMPLEXITY" missed="0" covered="1"/><counter type="METHOD" missed="0" covered="1"/></method><method name="processValidationErrorInternNotFound" desc="(Lcom/example/application/exception/NotFoundException;)Lcom/example/application/interceptor/MessageBuilder;" line="50"><counter type="INSTRUCTION" missed="0" covered="18"/><counter type="LINE" missed="0" covered="5"/><counter type="COMPLEXITY" missed="0" covered="1"/><counter type="METHOD" missed="0" covered="1"/></method><counter type="INSTRUCTION" missed="36" covered="39"/><counter type="BRANCH" missed="2" covered="0"/><counter type="LINE" missed="5" covered="11"/><counter type="COMPLEXITY" missed="2" covered="3"/><counter type="METHOD" missed="1" covered="3"/><counter type="CLASS" missed="0" covered="1"/></class><class name="com/example/application/interceptor/MessageBuilder"><method name="&lt;init&gt;" desc="()V" line="12"><counter type="INSTRUCTION" missed="0" covered="3"/><counter type="LINE" missed="0" covered="2"/><counter type="COMPLEXITY" missed="0" covered="1"/><counter type="METHOD" missed="0" covered="1"/></method><method name="&lt;init&gt;" desc="(Ljava/lang/String;Ljava/lang/String;)V" line="16"><counter type="INSTRUCTION" missed="9" covered="0"/><counter type="LINE" missed="4" covered="0"/><counter type="COMPLEXITY" missed="1" covered="0"/><counter type="METHOD" missed="1" covered="0"/></method><method name="getField" desc="()Ljava/lang/String;" line="22"><counter type="INSTRUCTION" missed="0" covered="3"/><counter type="LINE" missed="0" covered="1"/><counter type="COMPLEXITY" missed="0" covered="1"/><counter type="METHOD" missed="0" covered="1"/></method><method name="setField" desc="(Ljava/lang/String;)V" line="26"><counter type="INSTRUCTION" missed="0" covered="4"/><counter type="LINE" missed="0" covered="2"/><counter type="COMPLEXITY" missed="0" covered="1"/><counter type="METHOD" missed="0" covered="1"/></method><method name="getMessage" desc="()Ljava/lang/String;" line="30"><counter type="INSTRUCTION" missed="0" covered="3"/><counter type="LINE" missed="0" covered="1"/><counter type="COMPLEXITY" missed="0" covered="1"/><counter type="METHOD" missed="0" covered="1"/></method><method name="setMessage" desc="(Ljava/lang/String;)V" line="34"><counter type="INSTRUCTION" missed="0" covered="4"/><counter type="LINE" missed="0" covered="2"/><counter type="COMPLEXITY" missed="0" covered="1"/><counter type="METHOD" missed="0" covered="1"/></method><method name="getTitle" desc="()Ljava/lang/String;" line="38"><counter type="INSTRUCTION" missed="0" covered="3"/><counter type="LINE" missed="0" covered="1"/><counter type="COMPLEXITY" missed="0" covered="1"/><counter type="METHOD" missed="0" covered="1"/></method><method name="setTitle" desc="(Ljava/lang/String;)V" line="42"><counter type="INSTRUCTION" missed="0" covered="4"/><counter type="LINE" missed="0" covered="2"/><counter type="COMPLEXITY" missed="0" covered="1"/><counter type="METHOD" missed="0" covered="1"/></method><method name="toString" desc="()Ljava/lang/String;" line="47"><counter type="INSTRUCTION" missed="0" covered="28"/><counter type="LINE" missed="0" covered="1"/><counter type="COMPLEXITY" missed="0" covered="1"/><counter type="METHOD" missed="0" covered="1"/></method><counter type="INSTRUCTION" missed="9" covered="52"/><counter type="LINE" missed="4" covered="12"/><counter type="COMPLEXITY" missed="1" covered="8"/><counter type="METHOD" missed="1" covered="8"/><counter type="CLASS" missed="0" covered="1"/></class><sourcefile name="ControllerExceptionHandler.java"><line nr="19" mi="0" ci="3" mb="0" cb="0"/><line nr="26" mi="4" ci="0" mb="0" cb="0"/><line nr="27" mi="10" ci="0" mb="2" cb="0"/><line nr="28" mi="13" ci="0" mb="0" cb="0"/><line nr="29" mi="7" ci="0" mb="0" cb="0"/><line nr="31" mi="2" ci="0" mb="0" cb="0"/><line nr="39" mi="0" ci="4" mb="0" cb="0"/><line nr="40" mi="0" ci="4" mb="0" cb="0"/><line nr="41" mi="0" ci="4" mb="0" cb="0"/><line nr="42" mi="0" ci="4" mb="0" cb="0"/><line nr="43" mi="0" ci="2" mb="0" cb="0"/><line nr="50" mi="0" ci="4" mb="0" cb="0"/><line nr="51" mi="0" ci="4" mb="0" cb="0"/><line nr="52" mi="0" ci="4" mb="0" cb="0"/><line nr="53" mi="0" ci="4" mb="0" cb="0"/><line nr="54" mi="0" ci="2" mb="0" cb="0"/><counter type="INSTRUCTION" missed="36" covered="39"/><counter type="BRANCH" missed="2" covered="0"/><counter type="LINE" missed="5" covered="11"/><counter type="COMPLEXITY" missed="2" covered="3"/><counter type="METHOD" missed="1" covered="3"/><counter type="CLASS" missed="0" covered="1"/></sourcefile><sourcefile name="MessageBuilder.java"><line nr="12" mi="0" ci="2" mb="0" cb="0"/><line nr="14" mi="0" ci="1" mb="0" cb="0"/><line nr="16" mi="2" ci="0" mb="0" cb="0"/><line nr="17" mi="3" ci="0" mb="0" cb="0"/><line nr="18" mi="3" ci="0" mb="0" cb="0"/><line nr="19" mi="1" ci="0" mb="0" cb="0"/><line nr="22" mi="0" ci="3" mb="0" cb="0"/><line nr="26" mi="0" ci="3" mb="0" cb="0"/><line nr="27" mi="0" ci="1" mb="0" cb="0"/><line nr="30" mi="0" ci="3" mb="0" cb="0"/><line nr="34" mi="0" ci="3" mb="0" cb="0"/><line nr="35" mi="0" ci="1" mb="0" cb="0"/><line nr="38" mi="0" ci="3" mb="0" cb="0"/><line nr="42" mi="0" ci="3" mb="0" cb="0"/><line nr="43" mi="0" ci="1" mb="0" cb="0"/><line nr="47" mi="0" ci="28" mb="0" cb="0"/><counter type="INSTRUCTION" missed="9" covered="52"/><counter type="LINE" missed="4" covered="12"/><counter type="COMPLEXITY" missed="1" covered="8"/><counter type="METHOD" missed="1" covered="8"/><counter type="CLASS" missed="0" covered="1"/></sourcefile><counter type="INSTRUCTION" missed="45" covered="91"/><counter type="BRANCH" missed="2" covered="0"/><counter type="LINE" missed="9" covered="23"/><counter type="COMPLEXITY" missed="3" covered="11"/><counter type="METHOD" missed="2" covered="11"/><counter type="CLASS" missed="0" covered="2"/></package><counter type="INSTRUCTION" missed="69" covered="123"/><counter type="BRANCH" missed="2" covered="0"/><counter type="LINE" missed="20" covered="35"/><counter type="COMPLEXITY" missed="9" covered="17"/><counter type="METHOD" missed="8" covered="17"/><counter type="CLASS" missed="1" covered="4"/></report>